2025-04-04 09:16:34.629031 - Received CBT.V508.FILE409.PDS from FILE409.XMI 
2025-04-04 09:16:34.634376 - Found $$$#DATE.txt (text/plain) in CBT.V508.FILE409.PDS, moved to PDS/$$$#DATE
2025-04-04 09:16:34.634532 - Found $$INDEX.txt (text/plain) in CBT.V508.FILE409.PDS, moved to PDS/$$INDEX
2025-04-04 09:16:34.634693 - Found $$README.txt (text/plain) in CBT.V508.FILE409.PDS, moved to PDS/$$README
2025-04-04 09:16:34.634822 - Found $$ZAPZ23.txt (text/plain) in CBT.V508.FILE409.PDS, moved to PDS/$$ZAPZ23
2025-04-04 09:16:34.634951 - Found $ASMCSV.txt (text/plain) in CBT.V508.FILE409.PDS, moved to PDS/$ASMCSV
2025-04-04 09:16:34.635090 - Found $ASMMENU.txt (text/plain) in CBT.V508.FILE409.PDS, moved to PDS/$ASMMENU
2025-04-04 09:16:34.635213 - Found $ASMOPT.txt (text/plain) in CBT.V508.FILE409.PDS, moved to PDS/$ASMOPT
2025-04-04 09:16:34.635336 - Found $ASMSEC.txt (text/plain) in CBT.V508.FILE409.PDS, moved to PDS/$ASMSEC
2025-04-04 09:16:34.635454 - Found $ASMSECX.txt (text/plain) in CBT.V508.FILE409.PDS, moved to PDS/$ASMSECX
2025-04-04 09:16:34.635583 - Found $ASMXPT.txt (text/plain) in CBT.V508.FILE409.PDS, moved to PDS/$ASMXPT
2025-04-04 09:16:34.635715 - Found $FAQ.txt (text/plain) in CBT.V508.FILE409.PDS, moved to PDS/$FAQ
2025-04-04 09:16:34.635838 - Found $GUIDE.txt (text/plain) in CBT.V508.FILE409.PDS, moved to PDS/$GUIDE
2025-04-04 09:16:34.635968 - Found $INSTALL.txt (text/plain) in CBT.V508.FILE409.PDS, moved to PDS/$INSTALL
2025-04-04 09:16:34.636088 - Found $INSTDB2.txt (text/plain) in CBT.V508.FILE409.PDS, moved to PDS/$INSTDB2
2025-04-04 09:16:34.636213 - Found $INSTJCL.txt (text/plain) in CBT.V508.FILE409.PDS, moved to PDS/$INSTJCL
2025-04-04 09:16:34.636351 - Found $INSTMEN.txt (text/plain) in CBT.V508.FILE409.PDS, moved to PDS/$INSTMEN
2025-04-04 09:16:34.636480 - Found $INSTOPT.txt (text/plain) in CBT.V508.FILE409.PDS, moved to PDS/$INSTOPT
2025-04-04 09:16:34.636649 - Found $INSTSEC.txt (text/plain) in CBT.V508.FILE409.PDS, moved to PDS/$INSTSEC
2025-04-04 09:16:34.636781 - Found $INSTSSI.txt (text/plain) in CBT.V508.FILE409.PDS, moved to PDS/$INSTSSI
2025-04-04 09:16:34.636922 - Found $INSTTCP.txt (text/plain) in CBT.V508.FILE409.PDS, moved to PDS/$INSTTCP
2025-04-04 09:16:34.637065 - Found $INSTXPT.txt (text/plain) in CBT.V508.FILE409.PDS, moved to PDS/$INSTXPT
2025-04-04 09:16:34.637220 - Found $IVP1.txt (text/plain) in CBT.V508.FILE409.PDS, moved to PDS/$IVP1
2025-04-04 09:16:34.637343 - Found $IVP2.txt (text/plain) in CBT.V508.FILE409.PDS, moved to PDS/$IVP2
2025-04-04 09:16:34.637475 - Found $LIBDEF.rexx (text/plain) in CBT.V508.FILE409.PDS, moved to PDS/$LIBDEF
2025-04-04 09:16:34.637610 - Found $MXIMSGS.txt (text/plain) in CBT.V508.FILE409.PDS, moved to PDS/$MXIMSGS
2025-04-04 09:16:34.637744 - Found $SECRACF.txt (text/plain) in CBT.V508.FILE409.PDS, moved to PDS/$SECRACF
2025-04-04 09:16:34.637867 - Found $STEPLIB.rexx (text/plain) in CBT.V508.FILE409.PDS, moved to PDS/$STEPLIB
2025-04-04 09:16:34.637986 - Found $SUPPORT.txt (text/plain) in CBT.V508.FILE409.PDS, moved to PDS/$SUPPORT
2025-04-04 09:16:34.638124 - Found @FILE409.txt (text/plain) in CBT.V508.FILE409.PDS, moved to PDS/@FILE409
2025-04-04 09:16:34.638245 - Found @FILE410.txt (text/plain) in CBT.V508.FILE409.PDS, moved to PDS/@FILE410
2025-04-04 09:16:34.638359 - Found CSVLLIX1.txt (text/plain) in CBT.V508.FILE409.PDS, moved to PDS/CSVLLIX1
2025-04-04 09:16:34.638481 - Found MXCOLOR.txt (text/plain) in CBT.V508.FILE409.PDS, moved to PDS/MXCOLOR
2025-04-04 09:16:34.638612 - Found MXCT.txt (text/plain) in CBT.V508.FILE409.PDS, moved to PDS/MXCT
2025-04-04 09:16:34.638738 - Found MXDT.txt (text/plain) in CBT.V508.FILE409.PDS, moved to PDS/MXDT
2025-04-04 09:16:34.638860 - Found MXIAUTH.txt (text/plain) in CBT.V508.FILE409.PDS, moved to PDS/MXIAUTH
2025-04-04 09:16:34.638978 - Found MXICMDS.bin (application/octet-stream) in CBT.V508.FILE409.PDS, moved to PDS/MXICMDS
2025-04-04 09:16:34.639102 - Found MXIGOPTS.txt (text/plain) in CBT.V508.FILE409.PDS, moved to PDS/MXIGOPTS
2025-04-04 09:16:34.639224 - Found MXIHAGRP.txt (text/plain) in CBT.V508.FILE409.PDS, moved to PDS/MXIHAGRP
2025-04-04 09:16:34.639487 - Found MXIHAPF.txt (text/plain) in CBT.V508.FILE409.PDS, moved to PDS/MXIHAPF
2025-04-04 09:16:34.639620 - Found MXIHASID.txt (text/plain) in CBT.V508.FILE409.PDS, moved to PDS/MXIHASID
2025-04-04 09:16:34.639753 - Found MXIHAUTO.txt (text/plain) in CBT.V508.FILE409.PDS, moved to PDS/MXIHAUTO
2025-04-04 09:16:34.639870 - Found MXIHCAT.txt (text/plain) in CBT.V508.FILE409.PDS, moved to PDS/MXIHCAT
2025-04-04 09:16:34.639994 - Found MXIHCA1.txt (text/plain) in CBT.V508.FILE409.PDS, moved to PDS/MXIHCA1
2025-04-04 09:16:34.640112 - Found MXIHCDE.txt (text/plain) in CBT.V508.FILE409.PDS, moved to PDS/MXIHCDE
2025-04-04 09:16:34.640226 - Found MXIHCDR.txt (text/plain) in CBT.V508.FILE409.PDS, moved to PDS/MXIHCDR
2025-04-04 09:16:34.640336 - Found MXIHCF.txt (text/plain) in CBT.V508.FILE409.PDS, moved to PDS/MXIHCF
2025-04-04 09:16:34.640448 - Found MXIHCHA.txt (text/plain) in CBT.V508.FILE409.PDS, moved to PDS/MXIHCHA
2025-04-04 09:16:34.640566 - Found MXIHCHP.txt (text/plain) in CBT.V508.FILE409.PDS, moved to PDS/MXIHCHP
2025-04-04 09:16:34.640686 - Found MXIHCON.txt (text/plain) in CBT.V508.FILE409.PDS, moved to PDS/MXIHCON
2025-04-04 09:16:34.640818 - Found MXIHCPF.txt (text/plain) in CBT.V508.FILE409.PDS, moved to PDS/MXIHCPF
2025-04-04 09:16:34.640937 - Found MXIHCPU.txt (text/plain) in CBT.V508.FILE409.PDS, moved to PDS/MXIHCPU
2025-04-04 09:16:34.641061 - Found MXIHCS.txt (text/plain) in CBT.V508.FILE409.PDS, moved to PDS/MXIHCS
2025-04-04 09:16:34.641177 - Found MXIHCSR.txt (text/plain) in CBT.V508.FILE409.PDS, moved to PDS/MXIHCSR
2025-04-04 09:16:34.641299 - Found MXIHDA.txt (text/plain) in CBT.V508.FILE409.PDS, moved to PDS/MXIHDA
2025-04-04 09:16:34.641426 - Found MXIHDAE.txt (text/plain) in CBT.V508.FILE409.PDS, moved to PDS/MXIHDAE
2025-04-04 09:16:34.641538 - Found MXIHDASD.txt (text/plain) in CBT.V508.FILE409.PDS, moved to PDS/MXIHDASD
2025-04-04 09:16:34.641659 - Found MXIHDB.txt (text/plain) in CBT.V508.FILE409.PDS, moved to PDS/MXIHDB
2025-04-04 09:16:34.641786 - Found MXIHDBBP.txt (text/plain) in CBT.V508.FILE409.PDS, moved to PDS/MXIHDBBP
2025-04-04 09:16:34.641910 - Found MXIHDBDA.txt (text/plain) in CBT.V508.FILE409.PDS, moved to PDS/MXIHDBDA
2025-04-04 09:16:34.642022 - Found MXIHDBEP.txt (text/plain) in CBT.V508.FILE409.PDS, moved to PDS/MXIHDBEP
2025-04-04 09:16:34.642139 - Found MXIHDBGP.txt (text/plain) in CBT.V508.FILE409.PDS, moved to PDS/MXIHDBGP
2025-04-04 09:16:34.642256 - Found MXIHDBLK.txt (text/plain) in CBT.V508.FILE409.PDS, moved to PDS/MXIHDBLK
2025-04-04 09:16:34.642371 - Found MXIHDBZP.txt (text/plain) in CBT.V508.FILE409.PDS, moved to PDS/MXIHDBZP
2025-04-04 09:16:34.642484 - Found MXIHDCLS.txt (text/plain) in CBT.V508.FILE409.PDS, moved to PDS/MXIHDCLS
2025-04-04 09:16:34.642601 - Found MXIHDDNS.txt (text/plain) in CBT.V508.FILE409.PDS, moved to PDS/MXIHDDNS
2025-04-04 09:16:34.642715 - Found MXIHDEV.txt (text/plain) in CBT.V508.FILE409.PDS, moved to PDS/MXIHDEV
2025-04-04 09:16:34.642832 - Found MXIHDS.txt (text/plain) in CBT.V508.FILE409.PDS, moved to PDS/MXIHDS
2025-04-04 09:16:34.642951 - Found MXIHDSP.txt (text/plain) in CBT.V508.FILE409.PDS, moved to PDS/MXIHDSP
2025-04-04 09:16:34.643081 - Found MXIHDYNX.txt (text/plain) in CBT.V508.FILE409.PDS, moved to PDS/MXIHDYNX
2025-04-04 09:16:34.643216 - Found MXIHEDT.txt (text/plain) in CBT.V508.FILE409.PDS, moved to PDS/MXIHEDT
2025-04-04 09:16:34.643335 - Found MXIHEMCS.txt (text/plain) in CBT.V508.FILE409.PDS, moved to PDS/MXIHEMCS
2025-04-04 09:16:34.643450 - Found MXIHENC.txt (text/plain) in CBT.V508.FILE409.PDS, moved to PDS/MXIHENC
2025-04-04 09:16:34.643568 - Found MXIHENQ.txt (text/plain) in CBT.V508.FILE409.PDS, moved to PDS/MXIHENQ
2025-04-04 09:16:34.643703 - Found MXIHENQC.txt (text/plain) in CBT.V508.FILE409.PDS, moved to PDS/MXIHENQC
2025-04-04 09:16:34.643817 - Found MXIHEXC.txt (text/plain) in CBT.V508.FILE409.PDS, moved to PDS/MXIHEXC
2025-04-04 09:16:34.643929 - Found MXIHFIND.txt (text/plain) in CBT.V508.FILE409.PDS, moved to PDS/MXIHFIND
2025-04-04 09:16:34.644055 - Found MXIHGQE.txt (text/plain) in CBT.V508.FILE409.PDS, moved to PDS/MXIHGQE
2025-04-04 09:16:34.644178 - Found MXIHGRS.txt (text/plain) in CBT.V508.FILE409.PDS, moved to PDS/MXIHGRS
2025-04-04 09:16:34.644294 - Found MXIHHFS.txt (text/plain) in CBT.V508.FILE409.PDS, moved to PDS/MXIHHFS
2025-04-04 09:16:34.644412 - Found MXIHHSM.txt (text/plain) in CBT.V508.FILE409.PDS, moved to PDS/MXIHHSM
2025-04-04 09:16:34.644548 - Found MXIHHSMQ.txt (text/plain) in CBT.V508.FILE409.PDS, moved to PDS/MXIHHSMQ
2025-04-04 09:16:34.644664 - Found MXIHINIT.txt (text/plain) in CBT.V508.FILE409.PDS, moved to PDS/MXIHINIT
2025-04-04 09:16:34.644774 - Found MXIHIPL.txt (text/plain) in CBT.V508.FILE409.PDS, moved to PDS/MXIHIPL
2025-04-04 09:16:34.644894 - Found MXIHLINK.txt (text/plain) in CBT.V508.FILE409.PDS, moved to PDS/MXIHLINK
2025-04-04 09:16:34.645009 - Found MXIHLLA.txt (text/plain) in CBT.V508.FILE409.PDS, moved to PDS/MXIHLLA
2025-04-04 09:16:34.645136 - Found MXIHLLS.txt (text/plain) in CBT.V508.FILE409.PDS, moved to PDS/MXIHLLS
2025-04-04 09:16:34.645258 - Found MXIHLLSU.txt (text/plain) in CBT.V508.FILE409.PDS, moved to PDS/MXIHLLSU
2025-04-04 09:16:34.645371 - Found MXIHLOGR.txt (text/plain) in CBT.V508.FILE409.PDS, moved to PDS/MXIHLOGR
2025-04-04 09:16:34.645488 - Found MXIHLPA.txt (text/plain) in CBT.V508.FILE409.PDS, moved to PDS/MXIHLPA
2025-04-04 09:16:34.645607 - Found MXIHLPD.txt (text/plain) in CBT.V508.FILE409.PDS, moved to PDS/MXIHLPD
2025-04-04 09:16:34.645717 - Found MXIHLX.txt (text/plain) in CBT.V508.FILE409.PDS, moved to PDS/MXIHLX
2025-04-04 09:16:34.645829 - Found MXIHMAKE.txt (text/plain) in CBT.V508.FILE409.PDS, moved to PDS/MXIHMAKE
2025-04-04 09:16:34.645942 - Found MXIHMAP.txt (text/plain) in CBT.V508.FILE409.PDS, moved to PDS/MXIHMAP
2025-04-04 09:16:34.646056 - Found MXIHMCLS.txt (text/plain) in CBT.V508.FILE409.PDS, moved to PDS/MXIHMCLS
2025-04-04 09:16:34.646166 - Found MXIHMCS.txt (text/plain) in CBT.V508.FILE409.PDS, moved to PDS/MXIHMCS
2025-04-04 09:16:34.646291 - Found MXIHMDQ.txt (text/plain) in CBT.V508.FILE409.PDS, moved to PDS/MXIHMDQ
2025-04-04 09:16:34.646404 - Found MXIHMEM.txt (text/plain) in CBT.V508.FILE409.PDS, moved to PDS/MXIHMEM
2025-04-04 09:16:34.646525 - Found MXIHMENU.txt (text/plain) in CBT.V508.FILE409.PDS, moved to PDS/MXIHMENU
2025-04-04 09:16:34.646639 - Found MXIHMISC.txt (text/plain) in CBT.V508.FILE409.PDS, moved to PDS/MXIHMISC
2025-04-04 09:16:34.646757 - Found MXIHMPF.txt (text/plain) in CBT.V508.FILE409.PDS, moved to PDS/MXIHMPF
2025-04-04 09:16:34.646872 - Found MXIHMQ.txt (text/plain) in CBT.V508.FILE409.PDS, moved to PDS/MXIHMQ
2025-04-04 09:16:34.646994 - Found MXIHMQC.txt (text/plain) in CBT.V508.FILE409.PDS, moved to PDS/MXIHMQC
2025-04-04 09:16:34.647108 - Found MXIHMQCS.txt (text/plain) in CBT.V508.FILE409.PDS, moved to PDS/MXIHMQCS
2025-04-04 09:16:34.647246 - Found MXIHMQDA.txt (text/plain) in CBT.V508.FILE409.PDS, moved to PDS/MXIHMQDA
2025-04-04 09:16:34.647381 - Found MXIHMQQ.txt (text/plain) in CBT.V508.FILE409.PDS, moved to PDS/MXIHMQQ
2025-04-04 09:16:34.647501 - Found MXIHMQU.txt (text/plain) in CBT.V508.FILE409.PDS, moved to PDS/MXIHMQU
2025-04-04 09:16:34.647617 - Found MXIHNTOK.txt (text/plain) in CBT.V508.FILE409.PDS, moved to PDS/MXIHNTOK
2025-04-04 09:16:34.647745 - Found MXIHNUC.txt (text/plain) in CBT.V508.FILE409.PDS, moved to PDS/MXIHNUC
2025-04-04 09:16:34.647863 - Found MXIHOMVS.txt (text/plain) in CBT.V508.FILE409.PDS, moved to PDS/MXIHOMVS
2025-04-04 09:16:34.647981 - Found MXIHOP.txt (text/plain) in CBT.V508.FILE409.PDS, moved to PDS/MXIHOP
2025-04-04 09:16:34.648098 - Found MXIHPAGE.txt (text/plain) in CBT.V508.FILE409.PDS, moved to PDS/MXIHPAGE
2025-04-04 09:16:34.648214 - Found MXIHPARM.txt (text/plain) in CBT.V508.FILE409.PDS, moved to PDS/MXIHPARM
2025-04-04 09:16:34.648331 - Found MXIHPEEK.txt (text/plain) in CBT.V508.FILE409.PDS, moved to PDS/MXIHPEEK
2025-04-04 09:16:34.648447 - Found MXIHPID.txt (text/plain) in CBT.V508.FILE409.PDS, moved to PDS/MXIHPID
2025-04-04 09:16:34.648579 - Found MXIHPLEX.txt (text/plain) in CBT.V508.FILE409.PDS, moved to PDS/MXIHPLEX
2025-04-04 09:16:34.648700 - Found MXIHPPT.txt (text/plain) in CBT.V508.FILE409.PDS, moved to PDS/MXIHPPT
2025-04-04 09:16:34.648819 - Found MXIHPRT.txt (text/plain) in CBT.V508.FILE409.PDS, moved to PDS/MXIHPRT
2025-04-04 09:16:34.648940 - Found MXIHRACF.txt (text/plain) in CBT.V508.FILE409.PDS, moved to PDS/MXIHRACF
2025-04-04 09:16:34.649057 - Found MXIHRCLS.txt (text/plain) in CBT.V508.FILE409.PDS, moved to PDS/MXIHRCLS
2025-04-04 09:16:34.649172 - Found MXIHRL.txt (text/plain) in CBT.V508.FILE409.PDS, moved to PDS/MXIHRL
2025-04-04 09:16:34.649289 - Found MXIHRS.txt (text/plain) in CBT.V508.FILE409.PDS, moved to PDS/MXIHRS
2025-04-04 09:16:34.649412 - Found MXIHRSYS.txt (text/plain) in CBT.V508.FILE409.PDS, moved to PDS/MXIHRSYS
2025-04-04 09:16:34.649533 - Found MXIHSCLS.txt (text/plain) in CBT.V508.FILE409.PDS, moved to PDS/MXIHSCLS
2025-04-04 09:16:34.649646 - Found MXIHSET0.txt (text/plain) in CBT.V508.FILE409.PDS, moved to PDS/MXIHSET0
2025-04-04 09:16:34.649765 - Found MXIHSET1.txt (text/plain) in CBT.V508.FILE409.PDS, moved to PDS/MXIHSET1
2025-04-04 09:16:34.649887 - Found MXIHSET2.txt (text/plain) in CBT.V508.FILE409.PDS, moved to PDS/MXIHSET2
2025-04-04 09:16:34.650003 - Found MXIHSGRP.txt (text/plain) in CBT.V508.FILE409.PDS, moved to PDS/MXIHSGRP
2025-04-04 09:16:34.650118 - Found MXIHSMF.txt (text/plain) in CBT.V508.FILE409.PDS, moved to PDS/MXIHSMF
2025-04-04 09:16:34.650232 - Found MXIHSMFD.txt (text/plain) in CBT.V508.FILE409.PDS, moved to PDS/MXIHSMFD
2025-04-04 09:16:34.650345 - Found MXIHSMS.txt (text/plain) in CBT.V508.FILE409.PDS, moved to PDS/MXIHSMS
2025-04-04 09:16:34.650459 - Found MXIHSMSM.txt (text/plain) in CBT.V508.FILE409.PDS, moved to PDS/MXIHSMSM
2025-04-04 09:16:34.650582 - Found MXIHSOFT.txt (text/plain) in CBT.V508.FILE409.PDS, moved to PDS/MXIHSOFT
2025-04-04 09:16:34.650712 - Found MXIHSORT.txt (text/plain) in CBT.V508.FILE409.PDS, moved to PDS/MXIHSORT
2025-04-04 09:16:34.650825 - Found MXIHSP.txt (text/plain) in CBT.V508.FILE409.PDS, moved to PDS/MXIHSP
2025-04-04 09:16:34.650942 - Found MXIHSPD.txt (text/plain) in CBT.V508.FILE409.PDS, moved to PDS/MXIHSPD
2025-04-04 09:16:34.651072 - Found MXIHSRCH.txt (text/plain) in CBT.V508.FILE409.PDS, moved to PDS/MXIHSRCH
2025-04-04 09:16:34.651191 - Found MXIHSRVC.txt (text/plain) in CBT.V508.FILE409.PDS, moved to PDS/MXIHSRVC
2025-04-04 09:16:34.651300 - Found MXIHSSI.txt (text/plain) in CBT.V508.FILE409.PDS, moved to PDS/MXIHSSI
2025-04-04 09:16:34.651414 - Found MXIHSTOR.txt (text/plain) in CBT.V508.FILE409.PDS, moved to PDS/MXIHSTOR
2025-04-04 09:16:34.651529 - Found MXIHSVC.txt (text/plain) in CBT.V508.FILE409.PDS, moved to PDS/MXIHSVC
2025-04-04 09:16:34.651644 - Found MXIHSYM.txt (text/plain) in CBT.V508.FILE409.PDS, moved to PDS/MXIHSYM
2025-04-04 09:16:34.651775 - Found MXIHSYSX.txt (text/plain) in CBT.V508.FILE409.PDS, moved to PDS/MXIHSYSX
2025-04-04 09:16:34.651897 - Found MXIHTAPE.txt (text/plain) in CBT.V508.FILE409.PDS, moved to PDS/MXIHTAPE
2025-04-04 09:16:34.652019 - Found MXIHTCB.txt (text/plain) in CBT.V508.FILE409.PDS, moved to PDS/MXIHTCB
2025-04-04 09:16:34.652129 - Found MXIHTOC.txt (text/plain) in CBT.V508.FILE409.PDS, moved to PDS/MXIHTOC
2025-04-04 09:16:34.652244 - Found MXIHUCB.txt (text/plain) in CBT.V508.FILE409.PDS, moved to PDS/MXIHUCB
2025-04-04 09:16:34.652358 - Found MXIHUIC.txt (text/plain) in CBT.V508.FILE409.PDS, moved to PDS/MXIHUIC
2025-04-04 09:16:34.652475 - Found MXIHUSP.txt (text/plain) in CBT.V508.FILE409.PDS, moved to PDS/MXIHUSP
2025-04-04 09:16:34.652586 - Found MXIHVER.txt (text/plain) in CBT.V508.FILE409.PDS, moved to PDS/MXIHVER
2025-04-04 09:16:34.652702 - Found MXIHVMAP.txt (text/plain) in CBT.V508.FILE409.PDS, moved to PDS/MXIHVMAP
2025-04-04 09:16:34.652828 - Found MXIHWLM.txt (text/plain) in CBT.V508.FILE409.PDS, moved to PDS/MXIHWLM
2025-04-04 09:16:34.652947 - Found MXIHWLMA.txt (text/plain) in CBT.V508.FILE409.PDS, moved to PDS/MXIHWLMA
2025-04-04 09:16:34.653076 - Found MXIHWLMC.txt (text/plain) in CBT.V508.FILE409.PDS, moved to PDS/MXIHWLMC
2025-04-04 09:16:34.653197 - Found MXIHWLMG.txt (text/plain) in CBT.V508.FILE409.PDS, moved to PDS/MXIHWLMG
2025-04-04 09:16:34.653310 - Found MXIHWLMS.txt (text/plain) in CBT.V508.FILE409.PDS, moved to PDS/MXIHWLMS
2025-04-04 09:16:34.653423 - Found MXIHWTOR.txt (text/plain) in CBT.V508.FILE409.PDS, moved to PDS/MXIHWTOR
2025-04-04 09:16:34.653542 - Found MXIHXCFM.txt (text/plain) in CBT.V508.FILE409.PDS, moved to PDS/MXIHXCFM
2025-04-04 09:16:34.653651 - Found MXIHXCFS.txt (text/plain) in CBT.V508.FILE409.PDS, moved to PDS/MXIHXCFS
2025-04-04 09:16:34.653780 - Found MXIHXM.txt (text/plain) in CBT.V508.FILE409.PDS, moved to PDS/MXIHXM
2025-04-04 09:16:34.653899 - Found MXIHZAP.txt (text/plain) in CBT.V508.FILE409.PDS, moved to PDS/MXIHZAP
2025-04-04 09:16:34.654013 - Found MXIMENU.txt (text/plain) in CBT.V508.FILE409.PDS, moved to PDS/MXIMENU
2025-04-04 09:16:34.654133 - Found MXIMEN00.txt (text/plain) in CBT.V508.FILE409.PDS, moved to PDS/MXIMEN00
2025-04-04 09:16:34.654260 - Found MXIOPTD.txt (text/plain) in CBT.V508.FILE409.PDS, moved to PDS/MXIOPTD
2025-04-04 09:16:34.654374 - Found MXIOPTL.txt (text/plain) in CBT.V508.FILE409.PDS, moved to PDS/MXIOPTL
2025-04-04 09:16:34.654487 - Found MXIOPTN.txt (text/plain) in CBT.V508.FILE409.PDS, moved to PDS/MXIOPTN
2025-04-04 09:16:34.654599 - Found MXIOPTS.bin (application/octet-stream) in CBT.V508.FILE409.PDS, moved to PDS/MXIOPTS
2025-04-04 09:16:34.654708 - Found MXIPANEL.txt (text/plain) in CBT.V508.FILE409.PDS, moved to PDS/MXIPANEL
2025-04-04 09:16:34.654816 - Found MXIPANE2.txt (text/plain) in CBT.V508.FILE409.PDS, moved to PDS/MXIPANE2
2025-04-04 09:16:34.654946 - Found MXIPMAKE.txt (text/plain) in CBT.V508.FILE409.PDS, moved to PDS/MXIPMAKE
2025-04-04 09:16:34.655097 - Found MXIPMSG.txt (text/plain) in CBT.V508.FILE409.PDS, moved to PDS/MXIPMSG
2025-04-04 09:16:34.655240 - Found MXIPOCMD.txt (text/plain) in CBT.V508.FILE409.PDS, moved to PDS/MXIPOCMD
2025-04-04 09:16:34.655381 - Found MXIPPEEK.txt (text/plain) in CBT.V508.FILE409.PDS, moved to PDS/MXIPPEEK
2025-04-04 09:16:34.655528 - Found MXIPRL.txt (text/plain) in CBT.V508.FILE409.PDS, moved to PDS/MXIPRL
2025-04-04 09:16:34.655679 - Found MXIRULE.txt (text/plain) in CBT.V508.FILE409.PDS, moved to PDS/MXIRULE
2025-04-04 09:16:34.655814 - Found MXIS.txt (text/plain) in CBT.V508.FILE409.PDS, moved to PDS/MXIS
2025-04-04 09:16:34.655957 - Found MXISECTB.txt (text/plain) in CBT.V508.FILE409.PDS, moved to PDS/MXISECTB
2025-04-04 09:16:34.656123 - Found MXISECX1.txt (text/plain) in CBT.V508.FILE409.PDS, moved to PDS/MXISECX1
2025-04-04 09:16:34.656275 - Found MXISERV.txt (text/plain) in CBT.V508.FILE409.PDS, moved to PDS/MXISERV
2025-04-04 09:16:34.656433 - Found MXISRV00.txt (text/plain) in CBT.V508.FILE409.PDS, moved to PDS/MXISRV00
2025-04-04 09:16:34.656584 - Found MXITSO.rexx (text/plain) in CBT.V508.FILE409.PDS, moved to PDS/MXITSO
2025-04-04 09:16:34.656733 - Found MXIXPT00.txt (text/plain) in CBT.V508.FILE409.PDS, moved to PDS/MXIXPT00
2025-04-04 09:16:34.656874 - Found MXLS.txt (text/plain) in CBT.V508.FILE409.PDS, moved to PDS/MXLS
2025-04-04 09:16:34.657012 - Found MXSMFREC.txt (text/plain) in CBT.V508.FILE409.PDS, moved to PDS/MXSMFREC
2025-04-04 09:16:34.657150 - Found MX88.txt (text/plain) in CBT.V508.FILE409.PDS, moved to PDS/MX88
